Wed Apr 15 2020 23:55:23 GMT-0500 (Central Daylight Time): recipes::createRecipe::success: potatoe
 Apr 15 2020 23:52:55 GMT-0500 (Central Daylight Time): recipes::deleteRecipe::success: champagne
Wed Apr 15 2020 23:53:20 GMT-0500 (Central Daylight Time): recipes::deleteRecipe::success: limes
Wed Apr 15 2020 23:53:49 GMT-0500 (Central Daylight Time): recipes::deleteRecipe::success: pizza
Wed Apr 15 2020 23:54:08 GMT-0500 (Central Daylight Time): recipes::deleteRecipe::success: salad
Wed Apr 15 2020 23:55:31 GMT-0500 (Central Daylight Time): recipes::deleteRecipe::success: aperol_sprtiz
l Daylight Time): recipes::getAllRecipes::success 
Wed Apr 15 2020 23:52:55 GMT-0500 (Central Daylight Time): recipes::getAllRecipes::success 
Wed Apr 15 2020 23:53:19 GMT-0500 (Central Daylight Time): recipes::getAllRecipes::success 
Wed Apr 15 2020 23:53:19 GMT-0500 (Central Daylight Time): recipes::getAllRecipes::success 
Wed Apr 15 2020 23:53:20 GMT-0500 (Central Daylight Time): recipes::getAllRecipes::success 
Wed Apr 15 2020 23:53:20 GMT-0500 (Central Daylight Time): recipes::getAllRecipes::success 
Wed Apr 15 2020 23:53:43 GMT-0500 (Central Daylight Time): recipes::getAllRecipes::success 
Wed Apr 15 2020 23:53:43 GMT-0500 (Central Daylight Time): recipes::getAllRecipes::success 
Wed Apr 15 2020 23:53:48 GMT-0500 (Central Daylight Time): recipes::getAllRecipes::success 
Wed Apr 15 2020 23:53:48 GMT-0500 (Central Daylight Time): recipes::getAllRecipes::success 
Wed Apr 15 2020 23:53:49 GMT-0500 (Central Daylight Time): recipes::getAllRecipes::success 
Wed Apr 15 2020 23:53:49 GMT-0500 (Central Daylight Time): recipes::getAllRecipes::success 
Wed Apr 15 2020 23:54:07 GMT-0500 (Central Daylight Time): recipes::getAllRecipes::success 
Wed Apr 15 2020 23:54:07 GMT-0500 (Central Daylight Time): recipes::getAllRecipes::success 
Wed Apr 15 2020 23:54:08 GMT-0500 (Central Daylight Time): recipes::getAllRecipes::success 
Wed Apr 15 2020 23:54:08 GMT-0500 (Central Daylight Time): recipes::getAllRecipes::success 
Wed Apr 15 2020 23:54:45 GMT-0500 (Central Daylight Time): recipes::getAllRecipes::success 
Wed Apr 15 2020 23:54:45 GMT-0500 (Central Daylight Time): recipes::getAllRecipes::success 
Wed Apr 15 2020 23:54:59 GMT-0500 (Central Daylight Time): recipes::getAllRecipes::success 
Wed Apr 15 2020 23:54:59 GMT-0500 (Central Daylight Time): recipes::getAllRecipes::success 
Wed Apr 15 2020 23:55:13 GMT-0500 (Central Daylight Time): recipes::getAllRecipes::success 
Wed Apr 15 2020 23:55:14 GMT-0500 (Central Daylight Time): recipes::getAllRecipes::success 
Wed Apr 15 2020 23:55:23 GMT-0500 (Central Daylight Time): recipes::getAllRecipes::success 
Wed Apr 15 2020 23:55:23 GMT-0500 (Central Daylight Time): recipes::getAllRecipes::success 
Wed Apr 15 2020 23:55:31 GMT-0500 (Central Daylight Time): recipes::getAllRecipes::success 
Wed Apr 15 2020 23:55:31 GMT-0500 (Central Daylight Time): recipes::getAllRecipes::success 
